<?xml version="1.0" encoding="UTF-8"?>
<!-- Generated by org.testng.reporters.JUnitReportReporter -->
<testsuite hostname="kd-Laptop" failures="0" tests="1" name="Serialization.SerializeTest" time="9.039" errors="0" timestamp="2022-08-10T00:04:05 EDT" skipped="0">
  <testcase classname="Serialization.SerializeTest" name="Serialization" time="9.039"/>
  <system-out/>
</testsuite> <!-- Serialization.SerializeTest -->
