<?xml version="1.0" encoding="UTF-8"?>
<!-- Generated by org.testng.reporters.JUnitReportReporter -->
<testsuite hostname="kd-Laptop" failures="0" tests="5" name="DynamicJson" time="10.092" errors="0" timestamp="2022-08-05T11:19:19 EDT" skipped="0">
  <testcase classname="DynamicJson" name="addbook" time="1.183"/>
  <system-out/>
  <testcase classname="DynamicJson" name="addbook" time="1.195"/>
  <system-out/>
  <testcase classname="DynamicJson" name="addbook" time="1.217"/>
  <system-out/>
  <testcase classname="DynamicJson" name="addbook" time="5.313"/>
  <system-out/>
  <testcase classname="DynamicJson" name="addbook" time="1.184"/>
  <system-out/>
</testsuite> <!-- DynamicJson -->
