<?xml version="1.0" encoding="UTF-8"?>
<!-- Generated by org.testng.reporters.JUnitReportReporter -->
<testsuite hostname="kd-Laptop" failures="0" tests="1" name="EndToEndEcommerceApiTest.EcommeceApiTest" time="10.034" errors="0" timestamp="2022-08-12T10:40:07 EDT" skipped="0">
  <testcase classname="EndToEndEcommerceApiTest.EcommeceApiTest" name="main" time="10.034"/>
  <system-out/>
</testsuite> <!-- EndToEndEcommerceApiTest.EcommeceApiTest -->
