<?xml version="1.0" encoding="UTF-8"?>
<!-- Generated by org.testng.reporters.JUnitReportReporter -->
<testsuite hostname="kd-Laptop" failures="0" tests="1" name="SumofCoursesTest" time="2.975" errors="0" timestamp="2022-08-04T16:48:25 EDT" skipped="0">
  <testcase classname="SumofCoursesTest" name="SumOfCourses" time="2.975"/>
  <system-out/>
</testsuite> <!-- SumofCoursesTest -->
